<?xml version="1.0" encoding="UTF-8"?>
<testsuite name="com.aor.refactoring.example6.TreeTest" tests="6" skipped="0" failures="0" errors="0" timestamp="2020-03-30T17:25:39" hostname="LAPTOP-1MK3BJ23" time="0.03">
  <properties/>
  <testcase name="testTreeSetLocation" classname="com.aor.refactoring.example6.TreeTest" time="0.019"/>
  <testcase name="testToString" classname="com.aor.refactoring.example6.TreeTest" time="0.008"/>
  <testcase name="testAddAppraisal" classname="com.aor.refactoring.example6.TreeTest" time="0.0"/>
  <testcase name="testNextAppraisalNotOverdue" classname="com.aor.refactoring.example6.TreeTest" time="0.001"/>
  <testcase name="testTreeCreation" classname="com.aor.refactoring.example6.TreeTest" time="0.0"/>
  <testcase name="testNextAppraisalOverdue" classname="com.aor.refactoring.example6.TreeTest" time="0.0"/>
  <system-out><![CDATA[]]></system-out>
  <system-err><![CDATA[]]></system-err>
</testsuite>
