<?xml version="1.0" encoding="UTF-8"?>
<testsuite name="StringDrinkTest" tests="8" skipped="0" failures="0" errors="0" timestamp="2020-03-23T17:22:43" hostname="LAPTOP-1MK3BJ23" time="0.013">
  <properties/>
  <testcase name="stringReplacer" classname="StringDrinkTest" time="0.004"/>
  <testcase name="transformUndo" classname="StringDrinkTest" time="0.002"/>
  <testcase name="stringDrink" classname="StringDrinkTest" time="0.0"/>
  <testcase name="stringInverter" classname="StringDrinkTest" time="0.0"/>
  <testcase name="transformerGroup" classname="StringDrinkTest" time="0.001"/>
  <testcase name="transformerComposite" classname="StringDrinkTest" time="0.001"/>
  <testcase name="stringRecipe" classname="StringDrinkTest" time="0.0"/>
  <testcase name="stringCaseChanger" classname="StringDrinkTest" time="0.0"/>
  <system-out><![CDATA[]]></system-out>
  <system-err><![CDATA[]]></system-err>
</testsuite>
