<?xml version="1.0" encoding="UTF-8"?>
<testsuite name="com.aor.refactoring.example4.WorkerTest" tests="3" skipped="0" failures="0" errors="0" timestamp="2020-03-30T16:48:55" hostname="LAPTOP-1MK3BJ23" time="0.011">
  <properties/>
  <testcase name="testClient" classname="com.aor.refactoring.example4.WorkerTest" time="0.003"/>
  <testcase name="testWorker" classname="com.aor.refactoring.example4.WorkerTest" time="0.002"/>
  <testcase name="testSupervisor" classname="com.aor.refactoring.example4.WorkerTest" time="0.006"/>
  <system-out><![CDATA[]]></system-out>
  <system-err><![CDATA[]]></system-err>
</testsuite>
