<?xml version="1.0" encoding="UTF-8"?>
<testsuite name="com.aor.refactoring.example3.SimpleOrderTest" tests="3" skipped="0" failures="0" errors="0" timestamp="2020-03-30T16:33:59" hostname="LAPTOP-1MK3BJ23" time="0.02">
  <properties/>
  <testcase name="testFixedDiscount" classname="com.aor.refactoring.example3.SimpleOrderTest" time="0.015"/>
  <testcase name="testPercentageDiscount" classname="com.aor.refactoring.example3.SimpleOrderTest" time="0.002"/>
  <testcase name="testNoDiscount" classname="com.aor.refactoring.example3.SimpleOrderTest" time="0.001"/>
  <system-out><![CDATA[]]></system-out>
  <system-err><![CDATA[]]></system-err>
</testsuite>
