<?xml version="1.0" encoding="UTF-8"?>
<testsuite name="com.aor.refactoring.example2.ShapeTest" tests="6" skipped="0" failures="0" errors="0" timestamp="2020-03-30T16:48:55" hostname="LAPTOP-1MK3BJ23" time="0.536">
  <properties/>
  <testcase name="getAreaRectangle" classname="com.aor.refactoring.example2.ShapeTest" time="0.001"/>
  <testcase name="getPerimeterCircle" classname="com.aor.refactoring.example2.ShapeTest" time="0.002"/>
  <testcase name="drawCircle" classname="com.aor.refactoring.example2.ShapeTest" time="0.528"/>
  <testcase name="getAreaCircle" classname="com.aor.refactoring.example2.ShapeTest" time="0.0"/>
  <testcase name="getPerimeterRectangle" classname="com.aor.refactoring.example2.ShapeTest" time="0.0"/>
  <testcase name="drawRectangle" classname="com.aor.refactoring.example2.ShapeTest" time="0.004"/>
  <system-out><![CDATA[]]></system-out>
  <system-err><![CDATA[]]></system-err>
</testsuite>
